2025-09-16 10:29:35,788 - connection - INFO - Conexión a MongoDB cerrada
2025-09-16 10:30:00,177 - connection - INFO - Conexión a MongoDB cerrada
2025-09-16 10:30:09,647 - connection - INFO - Conexión a MongoDB cerrada
2025-09-16 10:51:39,970 - repository - ERROR - Error al obtener el usuario por nombre de usuario: db_ems:27017: [Errno -2] Name or service not known (configured timeouts: socketTimeoutMS: 20000.0ms, connectTimeoutMS: 20000.0ms), Timeout: 30s, Topology Description: <TopologyDescription id: 68c9876dfedd2e06ec7fd261, topology_type: Unknown, servers: [<ServerDescription ('db_ems', 27017) server_type: Unknown, rtt: None, error=AutoReconnect('db_ems:27017: [Errno -2] Name or service not known (configured timeouts: socketTimeoutMS: 20000.0ms, connectTimeoutMS: 20000.0ms)')>]>
2025-09-16 10:51:39,972 - connection - INFO - Conexión a MongoDB cerrada
2025-09-16 10:51:42,214 - connection - INFO - Conexión a MongoDB cerrada
2025-09-16 10:52:14,635 - connection - INFO - Conexión a MongoDB cerrada
2025-09-16 12:36:36,514 - main - INFO - 190 changes detected
2025-09-16 12:36:36,872 - main - INFO - 125 changes detected
2025-09-16 12:36:37,236 - main - INFO - 1 change detected
2025-09-16 12:36:37,587 - main - INFO - 1 change detected
2025-09-16 12:36:37,938 - main - INFO - 1 change detected
2025-09-16 12:36:38,290 - main - INFO - 1 change detected
2025-09-16 12:36:38,641 - main - INFO - 1 change detected
2025-09-16 12:36:38,992 - main - INFO - 1 change detected
2025-09-16 12:36:39,343 - main - INFO - 1 change detected
2025-09-16 12:36:39,695 - main - INFO - 1 change detected
2025-09-16 12:36:40,046 - main - INFO - 1 change detected
2025-09-16 12:36:40,397 - main - INFO - 1 change detected
2025-09-16 12:36:40,752 - main - INFO - 1 change detected
2025-09-16 12:36:41,103 - main - INFO - 1 change detected
2025-09-16 12:36:41,454 - main - INFO - 1 change detected
2025-09-16 12:36:41,806 - main - INFO - 1 change detected
2025-09-16 12:36:42,156 - main - INFO - 1 change detected
2025-09-16 12:36:42,508 - main - INFO - 1 change detected
2025-09-16 12:36:42,860 - main - INFO - 1 change detected
2025-09-16 12:36:43,213 - main - INFO - 1 change detected
2025-09-16 12:36:43,569 - main - INFO - 1 change detected
2025-09-16 12:36:43,921 - main - INFO - 1 change detected
2025-09-16 12:36:44,272 - main - INFO - 1 change detected
2025-09-16 12:36:44,623 - main - INFO - 1 change detected
2025-09-16 12:36:44,974 - main - INFO - 1 change detected
2025-09-16 12:36:45,325 - main - INFO - 1 change detected
2025-09-16 12:36:45,677 - main - INFO - 1 change detected
2025-09-16 12:36:46,028 - main - INFO - 1 change detected
2025-09-16 12:36:46,379 - main - INFO - 1 change detected
2025-09-16 12:36:46,731 - main - INFO - 1 change detected
2025-09-16 12:36:47,082 - main - INFO - 1 change detected
2025-09-16 12:36:47,433 - main - INFO - 1 change detected
2025-09-16 12:36:47,783 - main - INFO - 1 change detected
2025-09-16 12:36:48,135 - main - INFO - 1 change detected
2025-09-16 12:36:48,486 - main - INFO - 1 change detected
2025-09-16 12:36:48,838 - main - INFO - 1 change detected
2025-09-16 12:36:49,189 - main - INFO - 1 change detected
2025-09-16 12:36:49,542 - main - INFO - 1 change detected
2025-09-16 12:36:49,893 - main - INFO - 1 change detected
2025-09-16 12:36:50,244 - main - INFO - 1 change detected
2025-09-16 12:36:50,596 - main - INFO - 1 change detected
2025-09-16 12:36:50,948 - main - INFO - 1 change detected
2025-09-16 12:36:51,298 - main - INFO - 1 change detected
2025-09-16 12:36:51,649 - main - INFO - 1 change detected
2025-09-16 12:36:52,001 - main - INFO - 1 change detected
2025-09-16 12:36:52,353 - main - INFO - 1 change detected
2025-09-16 12:36:52,704 - main - INFO - 1 change detected
2025-09-16 12:36:53,054 - main - INFO - 1 change detected
2025-09-16 12:36:53,405 - main - INFO - 1 change detected
2025-09-16 12:36:53,755 - main - INFO - 1 change detected
2025-09-16 12:36:54,109 - main - INFO - 1 change detected
2025-09-16 12:36:54,460 - main - INFO - 1 change detected
2025-09-16 12:36:54,811 - main - INFO - 1 change detected
2025-09-16 12:36:55,161 - main - INFO - 1 change detected
2025-09-16 12:36:55,513 - main - INFO - 1 change detected
2025-09-16 12:36:55,864 - main - INFO - 1 change detected
2025-09-16 12:36:56,214 - main - INFO - 1 change detected
2025-09-16 12:36:56,566 - main - INFO - 1 change detected
2025-09-16 12:36:56,917 - main - INFO - 1 change detected
2025-09-16 12:36:57,268 - main - INFO - 1 change detected
2025-09-16 12:36:57,620 - main - INFO - 1 change detected
2025-09-16 12:36:57,971 - main - INFO - 1 change detected
2025-09-16 12:36:58,322 - main - INFO - 1 change detected
2025-09-16 12:36:58,674 - main - INFO - 1 change detected
2025-09-16 12:36:59,026 - main - INFO - 1 change detected
2025-09-16 12:36:59,377 - main - INFO - 1 change detected
2025-09-16 12:36:59,728 - main - INFO - 1 change detected
2025-09-16 12:37:00,079 - main - INFO - 1 change detected
2025-09-16 12:37:00,430 - main - INFO - 1 change detected
2025-09-16 12:37:00,782 - main - INFO - 1 change detected
2025-09-16 12:37:01,132 - main - INFO - 1 change detected
2025-09-16 12:37:01,483 - main - INFO - 1 change detected
2025-09-16 12:37:01,834 - main - INFO - 1 change detected
2025-09-16 12:37:02,184 - main - INFO - 1 change detected
2025-09-16 12:37:02,535 - main - INFO - 1 change detected
2025-09-16 12:37:02,892 - main - INFO - 1 change detected
2025-09-16 12:37:03,243 - main - INFO - 1 change detected
2025-09-16 12:37:03,593 - main - INFO - 1 change detected
2025-09-16 12:37:03,944 - main - INFO - 1 change detected
2025-09-16 12:37:04,294 - main - INFO - 1 change detected
2025-09-16 12:37:04,645 - main - INFO - 1 change detected
2025-09-16 12:37:04,996 - main - INFO - 1 change detected
2025-09-16 12:37:05,349 - main - INFO - 1 change detected
2025-09-16 12:37:05,700 - main - INFO - 1 change detected
2025-09-16 12:37:06,055 - main - INFO - 1 change detected
2025-09-16 12:37:06,406 - main - INFO - 1 change detected
2025-09-16 12:37:06,757 - main - INFO - 1 change detected
2025-09-16 12:37:07,107 - main - INFO - 1 change detected
2025-09-16 12:37:07,458 - main - INFO - 1 change detected
2025-09-16 12:37:07,809 - main - INFO - 1 change detected
2025-09-16 12:37:08,161 - main - INFO - 1 change detected
2025-09-16 12:37:08,513 - main - INFO - 1 change detected
2025-09-16 12:37:08,920 - main - INFO - 1 change detected
2025-09-16 12:37:09,271 - main - INFO - 1 change detected
2025-09-16 12:37:09,621 - main - INFO - 1 change detected
2025-09-16 12:37:09,972 - main - INFO - 1 change detected
2025-09-16 12:37:10,323 - main - INFO - 1 change detected
2025-09-16 12:37:10,674 - main - INFO - 1 change detected
2025-09-16 12:37:11,025 - main - INFO - 1 change detected
2025-09-16 12:37:11,376 - main - INFO - 1 change detected
2025-09-16 12:37:11,727 - main - INFO - 1 change detected
2025-09-16 12:37:12,077 - main - INFO - 1 change detected
2025-09-16 12:37:12,428 - main - INFO - 1 change detected
2025-09-16 12:37:12,779 - main - INFO - 1 change detected
2025-09-16 12:37:13,129 - main - INFO - 1 change detected
2025-09-16 12:37:13,480 - main - INFO - 1 change detected
2025-09-16 12:37:13,831 - main - INFO - 1 change detected
2025-09-16 12:37:14,182 - main - INFO - 1 change detected
2025-09-16 12:37:14,533 - main - INFO - 1 change detected
2025-09-16 12:37:14,884 - main - INFO - 1 change detected
2025-09-16 12:37:15,235 - main - INFO - 1 change detected
2025-09-16 12:37:15,587 - main - INFO - 1 change detected
2025-09-16 12:37:15,937 - main - INFO - 1 change detected
2025-09-16 12:37:16,288 - main - INFO - 1 change detected
2025-09-16 12:37:16,638 - main - INFO - 1 change detected
2025-09-16 12:37:16,989 - main - INFO - 1 change detected
2025-09-16 12:37:17,341 - main - INFO - 1 change detected
2025-09-16 12:37:17,692 - main - INFO - 1 change detected
2025-09-16 12:37:18,043 - main - INFO - 1 change detected
2025-09-16 12:37:18,393 - main - INFO - 1 change detected
2025-09-16 12:37:18,744 - main - INFO - 1 change detected
2025-09-16 12:37:19,095 - main - INFO - 1 change detected
2025-09-16 12:37:19,446 - main - INFO - 1 change detected
2025-09-16 12:37:19,797 - main - INFO - 1 change detected
2025-09-16 12:37:20,148 - main - INFO - 1 change detected
2025-09-16 12:37:20,498 - main - INFO - 7 changes detected
2025-09-16 12:37:20,849 - main - INFO - 1 change detected
2025-09-16 12:37:21,200 - main - INFO - 1 change detected
2025-09-16 12:37:21,550 - main - INFO - 1 change detected
2025-09-16 12:37:21,901 - main - INFO - 1 change detected
2025-09-16 12:37:22,251 - main - INFO - 1 change detected
2025-09-16 12:37:22,602 - main - INFO - 1 change detected
2025-09-16 12:37:22,953 - main - INFO - 1 change detected
2025-09-16 12:37:23,303 - main - INFO - 1 change detected
2025-09-16 12:37:23,654 - main - INFO - 1 change detected
2025-09-16 12:37:24,005 - main - INFO - 1 change detected
2025-09-16 12:37:24,355 - main - INFO - 1 change detected
2025-09-16 12:37:24,706 - main - INFO - 1 change detected
2025-09-16 12:37:25,057 - main - INFO - 1 change detected
2025-09-16 12:37:25,408 - main - INFO - 1 change detected
2025-09-16 12:37:25,758 - main - INFO - 1 change detected
2025-09-16 12:37:26,109 - main - INFO - 1 change detected
2025-09-16 12:37:26,461 - main - INFO - 1 change detected
2025-09-16 12:37:26,812 - main - INFO - 1 change detected
2025-09-16 12:37:27,163 - main - INFO - 1 change detected
2025-09-16 12:37:27,513 - main - INFO - 1 change detected
2025-09-16 12:37:27,864 - main - INFO - 1 change detected
2025-09-16 12:37:28,215 - main - INFO - 1 change detected
2025-09-16 12:37:28,568 - main - INFO - 1 change detected
2025-09-16 12:37:28,918 - main - INFO - 1 change detected
2025-09-16 12:37:29,269 - main - INFO - 1 change detected
2025-09-16 12:37:29,620 - main - INFO - 1 change detected
2025-09-16 12:37:29,970 - main - INFO - 1 change detected
2025-09-16 12:37:30,321 - main - INFO - 1 change detected
2025-09-16 12:37:30,672 - main - INFO - 1 change detected
2025-09-16 12:37:31,022 - main - INFO - 1 change detected
2025-09-16 12:37:31,373 - main - INFO - 1 change detected
2025-09-16 12:37:31,724 - main - INFO - 1 change detected
2025-09-16 12:37:32,074 - main - INFO - 1 change detected
2025-09-16 12:37:32,425 - main - INFO - 1 change detected
2025-09-16 12:37:32,776 - main - INFO - 1 change detected
2025-09-16 12:37:33,128 - main - INFO - 1 change detected
2025-09-16 12:37:33,481 - main - INFO - 1 change detected
2025-09-16 12:37:33,831 - main - INFO - 1 change detected
2025-09-16 12:37:34,182 - main - INFO - 1 change detected
2025-09-16 12:37:34,533 - main - INFO - 1 change detected
2025-09-16 12:37:34,884 - main - INFO - 1 change detected
2025-09-16 12:37:35,234 - main - INFO - 1 change detected
2025-09-16 12:37:35,585 - main - INFO - 1 change detected
2025-09-16 12:37:35,935 - main - INFO - 1 change detected
2025-09-16 12:37:36,287 - main - INFO - 1 change detected
2025-09-16 12:37:36,637 - main - INFO - 1 change detected
2025-09-16 12:37:36,988 - main - INFO - 1 change detected
2025-09-16 12:37:37,340 - main - INFO - 1 change detected
2025-09-16 12:37:37,691 - main - INFO - 1 change detected
2025-09-16 12:37:38,042 - main - INFO - 1 change detected
2025-09-16 12:37:38,393 - main - INFO - 1 change detected
2025-09-16 12:37:38,744 - main - INFO - 1 change detected
2025-09-16 12:37:39,095 - main - INFO - 1 change detected
2025-09-16 12:37:39,446 - main - INFO - 1 change detected
2025-09-16 12:37:39,797 - main - INFO - 1 change detected
2025-09-16 12:37:40,148 - main - INFO - 1 change detected
2025-09-16 12:37:40,499 - main - INFO - 1 change detected
2025-09-16 12:37:40,850 - main - INFO - 1 change detected
2025-09-16 12:37:41,201 - main - INFO - 1 change detected
2025-09-16 12:37:41,552 - main - INFO - 1 change detected
2025-09-16 12:37:41,903 - main - INFO - 1 change detected
2025-09-16 12:37:42,254 - main - INFO - 1 change detected
2025-09-16 12:37:42,605 - main - INFO - 1 change detected
2025-09-16 12:37:42,956 - main - INFO - 1 change detected
2025-09-16 12:37:43,307 - main - INFO - 1 change detected
2025-09-16 12:37:43,658 - main - INFO - 1 change detected
2025-09-16 12:37:44,010 - main - INFO - 1 change detected
2025-09-16 12:37:44,360 - main - INFO - 1 change detected
2025-09-16 12:37:44,711 - main - INFO - 1 change detected
2025-09-16 12:37:45,063 - main - INFO - 1 change detected
2025-09-16 12:37:45,413 - main - INFO - 1 change detected
2025-09-16 12:37:45,771 - main - INFO - 1 change detected
2025-09-16 12:37:46,122 - main - INFO - 1 change detected
2025-09-16 12:37:46,473 - main - INFO - 1 change detected
2025-09-16 12:37:46,824 - main - INFO - 1 change detected
2025-09-16 12:37:47,175 - main - INFO - 1 change detected
2025-09-16 12:37:47,526 - main - INFO - 1 change detected
2025-09-16 12:37:47,877 - main - INFO - 1 change detected
2025-09-16 12:37:48,228 - main - INFO - 1 change detected
2025-09-16 12:37:48,580 - main - INFO - 1 change detected
2025-09-16 12:37:48,930 - main - INFO - 1 change detected
2025-09-16 12:37:49,281 - main - INFO - 1 change detected
2025-09-16 12:37:49,631 - main - INFO - 1 change detected
2025-09-16 12:37:49,982 - main - INFO - 1 change detected
2025-09-16 12:37:50,333 - main - INFO - 1 change detected
2025-09-16 12:37:50,602 - repository - ERROR - Error al obtener el usuario por nombre de usuario: db_ems:27017: [Errno -2] Name or service not known (configured timeouts: socketTimeoutMS: 20000.0ms, connectTimeoutMS: 20000.0ms), Timeout: 30s, Topology Description: <TopologyDescription id: 68c9a0501ee77ad9df893986, topology_type: Unknown, servers: [<ServerDescription ('db_ems', 27017) server_type: Unknown, rtt: None, error=AutoReconnect('db_ems:27017: [Errno -2] Name or service not known (configured timeouts: socketTimeoutMS: 20000.0ms, connectTimeoutMS: 20000.0ms)')>]>
2025-09-16 12:37:50,602 - service - WARNING - Usuario no encontrado: admin
2025-09-16 12:37:50,603 - login - WARNING - Intento de login fallido para usuario: admin
2025-09-16 12:37:50,684 - main - INFO - 1 change detected
2025-09-16 12:37:51,035 - main - INFO - 1 change detected
2025-09-16 12:37:51,386 - main - INFO - 1 change detected
2025-09-16 12:37:51,737 - main - INFO - 1 change detected
2025-09-16 12:37:52,088 - main - INFO - 1 change detected
2025-09-16 12:37:52,440 - main - INFO - 1 change detected
2025-09-16 12:37:52,790 - main - INFO - 1 change detected
2025-09-16 12:37:53,141 - main - INFO - 1 change detected
2025-09-16 12:37:53,492 - main - INFO - 1 change detected
2025-09-16 12:37:53,842 - main - INFO - 1 change detected
2025-09-16 12:37:54,194 - main - INFO - 1 change detected
2025-09-16 12:37:54,544 - main - INFO - 1 change detected
2025-09-16 12:37:54,896 - main - INFO - 1 change detected
2025-09-16 12:37:55,246 - main - INFO - 1 change detected
2025-09-16 12:37:55,597 - main - INFO - 1 change detected
2025-09-16 12:37:55,948 - main - INFO - 1 change detected
2025-09-16 12:37:56,299 - main - INFO - 1 change detected
2025-09-16 12:37:56,650 - main - INFO - 1 change detected
2025-09-16 12:37:57,000 - main - INFO - 1 change detected
2025-09-16 12:37:57,352 - main - INFO - 1 change detected
2025-09-16 12:37:57,704 - main - INFO - 1 change detected
2025-09-16 12:37:58,054 - main - INFO - 1 change detected
