2025-09-27 23:13:28,634 - watchdog - INFO - Watchdog iniciado para /home/kurosaki/Documentos/projects/EMS/gatewayEMS/src/config/command.json
2025-09-27 23:13:28,634 - watchdog - INFO - Cambio detectado - ModbusConnect: True, ModbusStartRead: True
2025-09-27 23:13:38,334 - watchdog - INFO - Archivo JSON modificado, verificando variables...
2025-09-27 23:13:38,335 - watchdog - INFO - Cambio detectado - ModbusConnect: False, ModbusStartRead: True
2025-09-27 23:13:38,336 - watchdog - INFO - Archivo JSON modificado, verificando variables...
2025-09-27 23:13:58,568 - watchdog - INFO - Archivo JSON modificado, verificando variables...
2025-09-27 23:13:58,568 - watchdog - INFO - Cambio detectado - ModbusConnect: False, ModbusStartRead: False
2025-09-27 23:14:03,834 - watchdog - INFO - Archivo JSON modificado, verificando variables...
2025-09-27 23:14:03,835 - watchdog - INFO - Cambio detectado - ModbusConnect: True, ModbusStartRead: False
2025-09-27 23:14:15,996 - watchdog - INFO - Archivo JSON modificado, verificando variables...
2025-09-27 23:14:15,998 - watchdog - INFO - Cambio detectado - ModbusConnect: True, ModbusStartRead: True
2025-09-27 23:14:15,999 - watchdog - INFO - Archivo JSON modificado, verificando variables...
2025-09-27 23:14:23,925 - watchdog - INFO - Watchdog detenido correctamente
2025-09-27 23:15:33,306 - watchdog - INFO - Watchdog iniciado para /home/kurosaki/Documentos/projects/EMS/gatewayEMS/src/config/command.json
2025-09-27 23:15:33,307 - watchdog - INFO - Cambio detectado - ModbusConnect: True, ModbusStartRead: True
2025-09-27 23:15:33,308 - watchdog - ERROR - Error ejecutando main_loop: 'PrintTaskWatchdog' object has no attribute 'loop'
2025-09-27 23:15:42,554 - watchdog - INFO - Watchdog detenido correctamente
2025-09-27 23:16:03,547 - watchdog - INFO - Watchdog iniciado para /home/kurosaki/Documentos/projects/EMS/gatewayEMS/src/config/command.json
2025-09-27 23:16:03,547 - watchdog - INFO - Cambio detectado - ModbusConnect: True, ModbusStartRead: True
2025-09-27 23:16:03,548 - watchdog - ERROR - Error ejecutando main_loop: run_coroutine_threadsafe() missing 1 required positional argument: 'loop'
2025-09-27 23:18:03,060 - watchdog - INFO - Watchdog detenido correctamente
2025-09-27 23:18:04,284 - watchdog - INFO - Watchdog iniciado para /home/kurosaki/Documentos/projects/EMS/gatewayEMS/src/config/command.json
2025-09-27 23:18:04,285 - watchdog - INFO - Cambio detectado - ModbusConnect: True, ModbusStartRead: True
2025-09-27 23:18:13,053 - watchdog - INFO - Archivo JSON modificado, verificando variables...
2025-09-27 23:18:13,054 - watchdog - INFO - Cambio detectado - ModbusConnect: False, ModbusStartRead: False
2025-09-27 23:18:18,765 - watchdog - INFO - Archivo JSON modificado, verificando variables...
2025-09-27 23:18:18,766 - watchdog - INFO - Cambio detectado - ModbusConnect: True, ModbusStartRead: False
2025-09-27 23:18:24,349 - watchdog - INFO - Archivo JSON modificado, verificando variables...
2025-09-27 23:18:24,349 - watchdog - INFO - Cambio detectado - ModbusConnect: True, ModbusStartRead: True
2025-09-27 23:18:24,350 - watchdog - INFO - Archivo JSON modificado, verificando variables...
2025-09-27 23:20:20,814 - watchdog - INFO - Watchdog iniciado para /home/kurosaki/Documentos/projects/EMS/gatewayEMS/src/config/command.json
2025-09-27 23:20:20,814 - watchdog - INFO - Cambio detectado - ModbusConnect: False, ModbusStartRead: False
2025-09-27 23:20:23,756 - watchdog - INFO - Archivo JSON modificado, verificando variables...
2025-09-27 23:20:23,757 - watchdog - INFO - Cambio detectado - ModbusConnect: True, ModbusStartRead: False
2025-09-27 23:20:31,986 - watchdog - INFO - Archivo JSON modificado, verificando variables...
2025-09-27 23:20:31,986 - watchdog - INFO - Cambio detectado - ModbusConnect: True, ModbusStartRead: True
2025-09-27 23:20:36,877 - watchdog - INFO - Watchdog detenido correctamente
2025-09-27 23:28:30,013 - watchdog - INFO - Watchdog iniciado para /home/kurosaki/Documentos/projects/EMS/gatewayEMS/src/config/command.json
2025-09-27 23:28:30,013 - watchdog - INFO - Cambio detectado - ModbusConnect: True, ModbusStartRead: True
2025-09-27 23:28:39,940 - watchdog - INFO - Archivo JSON modificado, verificando variables...
2025-09-27 23:28:39,940 - watchdog - INFO - Cambio detectado - ModbusConnect: False, ModbusStartRead: False
2025-09-27 23:28:43,809 - watchdog - INFO - Archivo JSON modificado, verificando variables...
2025-09-27 23:28:43,809 - watchdog - INFO - Cambio detectado - ModbusConnect: True, ModbusStartRead: False
2025-09-27 23:28:47,410 - watchdog - INFO - Archivo JSON modificado, verificando variables...
2025-09-27 23:28:47,411 - watchdog - INFO - Cambio detectado - ModbusConnect: True, ModbusStartRead: True
2025-09-27 23:28:47,412 - watchdog - INFO - Archivo JSON modificado, verificando variables...
2025-09-27 23:30:36,970 - watchdog - INFO - Watchdog detenido correctamente
2025-09-27 23:30:38,222 - watchdog - INFO - Watchdog iniciado para /home/kurosaki/Documentos/projects/EMS/gatewayEMS/src/config/command.json
2025-09-27 23:30:38,222 - watchdog - INFO - Cambio detectado - ModbusConnect: True, ModbusStartRead: True
2025-09-27 23:30:43,938 - watchdog - INFO - Archivo JSON modificado, verificando variables...
2025-09-27 23:30:43,938 - watchdog - INFO - Cambio detectado - ModbusConnect: True, ModbusStartRead: False
2025-09-27 23:32:10,002 - watchdog - INFO - Watchdog detenido correctamente
2025-09-27 23:32:11,267 - watchdog - INFO - Watchdog iniciado para /home/kurosaki/Documentos/projects/EMS/gatewayEMS/src/config/command.json
2025-09-27 23:32:11,267 - watchdog - INFO - Cambio detectado - ModbusConnect: True, ModbusStartRead: False
2025-09-27 23:32:16,552 - watchdog - INFO - Archivo JSON modificado, verificando variables...
2025-09-27 23:32:16,552 - watchdog - INFO - Cambio detectado - ModbusConnect: True, ModbusStartRead: True
2025-09-27 23:32:22,276 - watchdog - INFO - Archivo JSON modificado, verificando variables...
2025-09-27 23:32:22,283 - watchdog - INFO - Cambio detectado - ModbusConnect: True, ModbusStartRead: False
2025-09-27 23:32:22,284 - watchdog - INFO - Archivo JSON modificado, verificando variables...
2025-09-27 23:32:25,186 - watchdog - INFO - Archivo JSON modificado, verificando variables...
2025-09-27 23:32:25,186 - watchdog - INFO - Cambio detectado - ModbusConnect: False, ModbusStartRead: False
2025-09-27 23:36:57,395 - watchdog - INFO - Watchdog detenido correctamente
